2023-01-03 09:11:39,320 [Worker-3: Loading available Gradle versions] INFO  o.e.b.c.i.u.g.PublishedGradleVersions - Gradle version information cache is up-to-date. Trying to read.
2023-01-03 09:16:57,400 [Worker-3: Loading available Gradle versions] INFO  o.e.b.c.i.u.g.PublishedGradleVersions - Gradle version information cache is up-to-date. Trying to read.
2023-01-03 09:18:43,551 [Worker-41: Update Maven projects configuration] INFO  o.e.m.c.i.p.ProjectConfigurationManager - Update started
2023-01-03 09:18:45,693 [Worker-41: Update Maven projects configuration] INFO  o.e.m.c.i.l.LifecycleMappingFactory - Using org.eclipse.m2e.jdt.JarLifecycleMapping lifecycle mapping for MavenProject: tests:CucumberProject64:0.0.1-SNAPSHOT @ D:\Selenium_Workspace\CucumberProjectBatch64\src\pom.xml.
2023-01-03 09:18:48,961 [Worker-41: Update Maven projects configuration] INFO  o.e.m.j.i.AbstractJavaProjectConfigurator - Adding source folder /src/src/main/java
2023-01-03 09:18:48,962 [Worker-41: Update Maven projects configuration] INFO  o.e.m.j.i.AbstractJavaProjectConfigurator - Adding source folder /src/src/test/java
2023-01-03 09:18:50,459 [Worker-41: Update Maven projects configuration] INFO  o.e.m.c.i.p.ProjectConfigurationManager - Update completed: 6 sec
2023-01-03 09:18:50,927 [Worker-31: Building] INFO  o.e.m.c.i.l.LifecycleMappingFactory - Using org.eclipse.m2e.jdt.JarLifecycleMapping lifecycle mapping for MavenProject: tests:CucumberProjectBatch62:0.0.1-SNAPSHOT @ C:\Users\Keyur\Dropbox\My PC (LAPTOP-47V8HSKJ)\Desktop\JCA TECH\pom.xml.
2023-01-03 09:18:51,293 [Worker-31: Building] INFO  o.e.m.c.i.embedder.EclipseLogger - Using 'UTF-8' encoding to copy filtered resources.
2023-01-03 09:18:51,293 [Worker-31: Building] INFO  o.e.m.c.i.embedder.EclipseLogger - skip non existing resourceDirectory C:\Users\Keyur\Dropbox\My PC (LAPTOP-47V8HSKJ)\Desktop\JCA TECH\src\main\resources
2023-01-03 09:18:51,295 [Worker-31: Building] INFO  o.e.m.c.i.embedder.EclipseLogger - Using 'UTF-8' encoding to copy filtered resources.
2023-01-03 09:18:51,296 [Worker-31: Building] INFO  o.e.m.c.i.embedder.EclipseLogger - skip non existing resourceDirectory C:\Users\Keyur\Dropbox\My PC (LAPTOP-47V8HSKJ)\Desktop\JCA TECH\src\test\resources
2023-01-03 09:18:53,570 [Worker-31: Building] INFO  o.e.m.c.i.l.LifecycleMappingFactory - Using org.eclipse.m2e.jdt.JarLifecycleMapping lifecycle mapping for MavenProject: FacebookTestAutomation:FacebookTest:0.0.1-SNAPSHOT @ D:\Selenium_Workspace\FacebookTest\pom.xml.
2023-01-03 09:18:55,269 [Worker-31: Building] WARN  o.e.m.c.i.embedder.EclipseLogger - Using platform encoding (Cp1252 actually) to copy filtered resources, i.e. build is platform dependent!
2023-01-03 09:18:55,275 [Worker-31: Building] INFO  o.e.m.c.i.embedder.EclipseLogger - Copying 1 resource
2023-01-03 09:18:55,302 [Worker-31: Building] WARN  o.e.m.c.i.embedder.EclipseLogger - Using platform encoding (Cp1252 actually) to copy filtered resources, i.e. build is platform dependent!
2023-01-03 09:18:55,302 [Worker-31: Building] INFO  o.e.m.c.i.embedder.EclipseLogger - skip non existing resourceDirectory D:\Selenium_Workspace\FacebookTest\src\test\resources
2023-01-03 09:18:57,550 [Worker-31: Building] INFO  o.e.m.c.i.l.LifecycleMappingFactory - Using org.eclipse.m2e.jdt.JarLifecycleMapping lifecycle mapping for MavenProject: FreeCrmTestAutomation:FreeCrmTest:0.0.1-SNAPSHOT @ D:\Selenium_Workspace\FreeCRMTest_1\pom.xml.
2023-01-03 09:18:59,898 [Worker-31: Building] INFO  o.e.m.c.i.embedder.EclipseLogger - Using 'UTF-8' encoding to copy filtered resources.
2023-01-03 09:18:59,898 [Worker-31: Building] INFO  o.e.m.c.i.embedder.EclipseLogger - skip non existing resourceDirectory D:\Selenium_Workspace\FreeCRMTest_1\src\main\resources
2023-01-03 09:18:59,900 [Worker-31: Building] INFO  o.e.m.c.i.embedder.EclipseLogger - Using 'UTF-8' encoding to copy filtered resources.
2023-01-03 09:18:59,900 [Worker-31: Building] INFO  o.e.m.c.i.embedder.EclipseLogger - skip non existing resourceDirectory D:\Selenium_Workspace\FreeCRMTest_1\src\test\resources
2023-01-03 09:19:00,107 [Worker-31: Building] INFO  o.e.m.c.i.l.LifecycleMappingFactory - Using org.eclipse.m2e.jdt.JarLifecycleMapping lifecycle mapping for MavenProject: FreeCrmTestAutomation:FreeCrmTest:0.0.1-SNAPSHOT @ D:\Selenium_Workspace\FreeCrmTest\pom.xml.
2023-01-03 09:19:00,353 [Worker-31: Building] INFO  o.e.m.c.i.embedder.EclipseLogger - Using 'UTF-8' encoding to copy filtered resources.
2023-01-03 09:19:00,353 [Worker-31: Building] INFO  o.e.m.c.i.embedder.EclipseLogger - Copying 0 resource
2023-01-03 09:19:00,355 [Worker-31: Building] INFO  o.e.m.c.i.embedder.EclipseLogger - Using 'UTF-8' encoding to copy filtered resources.
2023-01-03 09:19:00,356 [Worker-31: Building] INFO  o.e.m.c.i.embedder.EclipseLogger - skip non existing resourceDirectory D:\Selenium_Workspace\FreeCrmTest\src\test\resources
2023-01-03 09:19:00,604 [Worker-31: Building] INFO  o.e.m.c.i.l.LifecycleMappingFactory - Using org.eclipse.m2e.jdt.JarLifecycleMapping lifecycle mapping for MavenProject: MyMavenProject64:MyMavenProject:1.0-SNAPSHOT @ D:\Selenium_Workspace\MyMavenProject\pom.xml.
2023-01-03 09:19:00,734 [Worker-31: Building] INFO  o.e.m.c.i.embedder.EclipseLogger - Using 'UTF-8' encoding to copy filtered resources.
2023-01-03 09:19:00,734 [Worker-31: Building] INFO  o.e.m.c.i.embedder.EclipseLogger - skip non existing resourceDirectory D:\Selenium_Workspace\MyMavenProject\src\main\resources
2023-01-03 09:19:00,734 [Worker-31: Building] INFO  o.e.m.c.i.embedder.EclipseLogger - Using 'UTF-8' encoding to copy filtered resources.
2023-01-03 09:19:00,736 [Worker-31: Building] INFO  o.e.m.c.i.embedder.EclipseLogger - skip non existing resourceDirectory D:\Selenium_Workspace\MyMavenProject\src\test\resources
2023-01-03 09:19:00,798 [Worker-31: Building] INFO  o.e.m.c.i.l.LifecycleMappingFactory - Using org.eclipse.m2e.jdt.JarLifecycleMapping lifecycle mapping for MavenProject: MyMavenProject:SeleniumFrameworkDesign:0.0.1-SNAPSHOT @ D:\Selenium_Workspace\SeleniumFrameworkDesign\pom.xml.
2023-01-03 09:19:05,158 [Worker-31: Building] INFO  o.e.m.c.i.embedder.EclipseLogger - Using 'UTF-8' encoding to copy filtered resources.
2023-01-03 09:19:05,158 [Worker-31: Building] INFO  o.e.m.c.i.embedder.EclipseLogger - skip non existing resourceDirectory D:\Selenium_Workspace\SeleniumFrameworkDesign\src\main\resources
2023-01-03 09:19:05,159 [Worker-31: Building] INFO  o.e.m.c.i.embedder.EclipseLogger - Using 'UTF-8' encoding to copy filtered resources.
2023-01-03 09:19:05,159 [Worker-31: Building] INFO  o.e.m.c.i.embedder.EclipseLogger - skip non existing resourceDirectory D:\Selenium_Workspace\SeleniumFrameworkDesign\src\test\resources
2023-01-03 09:19:06,046 [Worker-31: Building] INFO  o.e.m.c.i.embedder.EclipseLogger - Using 'UTF-8' encoding to copy filtered resources.
2023-01-03 09:19:06,046 [Worker-31: Building] INFO  o.e.m.c.i.embedder.EclipseLogger - skip non existing resourceDirectory D:\Selenium_Workspace\CucumberProjectBatch64\src\src\main\resources
2023-01-03 09:19:06,047 [Worker-31: Building] INFO  o.e.m.c.i.embedder.EclipseLogger - Using 'UTF-8' encoding to copy filtered resources.
2023-01-03 09:19:06,047 [Worker-31: Building] INFO  o.e.m.c.i.embedder.EclipseLogger - skip non existing resourceDirectory D:\Selenium_Workspace\CucumberProjectBatch64\src\src\test\resources
2023-01-03 09:19:07,256 [Worker-13: Building] INFO  o.e.m.c.i.embedder.EclipseLogger - Using 'UTF-8' encoding to copy filtered resources.
2023-01-03 09:19:07,256 [Worker-13: Building] INFO  o.e.m.c.i.embedder.EclipseLogger - skip non existing resourceDirectory C:\Users\Keyur\Dropbox\My PC (LAPTOP-47V8HSKJ)\Desktop\JCA TECH\src\main\resources
2023-01-03 09:19:07,258 [Worker-13: Building] INFO  o.e.m.c.i.embedder.EclipseLogger - Using 'UTF-8' encoding to copy filtered resources.
2023-01-03 09:19:07,258 [Worker-13: Building] INFO  o.e.m.c.i.embedder.EclipseLogger - skip non existing resourceDirectory C:\Users\Keyur\Dropbox\My PC (LAPTOP-47V8HSKJ)\Desktop\JCA TECH\src\test\resources
2023-01-03 09:19:07,382 [Worker-13: Building] WARN  o.e.m.c.i.embedder.EclipseLogger - Using platform encoding (Cp1252 actually) to copy filtered resources, i.e. build is platform dependent!
2023-01-03 09:19:07,397 [Worker-13: Building] INFO  o.e.m.c.i.embedder.EclipseLogger - Copying 1 resource
2023-01-03 09:19:07,399 [Worker-13: Building] WARN  o.e.m.c.i.embedder.EclipseLogger - Using platform encoding (Cp1252 actually) to copy filtered resources, i.e. build is platform dependent!
2023-01-03 09:19:07,400 [Worker-13: Building] INFO  o.e.m.c.i.embedder.EclipseLogger - skip non existing resourceDirectory D:\Selenium_Workspace\FacebookTest\src\test\resources
2023-01-03 09:19:07,620 [Worker-13: Building] INFO  o.e.m.c.i.embedder.EclipseLogger - Using 'UTF-8' encoding to copy filtered resources.
2023-01-03 09:19:07,620 [Worker-13: Building] INFO  o.e.m.c.i.embedder.EclipseLogger - skip non existing resourceDirectory D:\Selenium_Workspace\FreeCRMTest_1\src\main\resources
2023-01-03 09:19:07,621 [Worker-13: Building] INFO  o.e.m.c.i.embedder.EclipseLogger - Using 'UTF-8' encoding to copy filtered resources.
2023-01-03 09:19:07,621 [Worker-13: Building] INFO  o.e.m.c.i.embedder.EclipseLogger - skip non existing resourceDirectory D:\Selenium_Workspace\FreeCRMTest_1\src\test\resources
2023-01-03 09:19:07,876 [Worker-13: Building] INFO  o.e.m.c.i.embedder.EclipseLogger - Using 'UTF-8' encoding to copy filtered resources.
2023-01-03 09:19:07,880 [Worker-13: Building] INFO  o.e.m.c.i.embedder.EclipseLogger - Copying 0 resource
2023-01-03 09:19:07,881 [Worker-13: Building] INFO  o.e.m.c.i.embedder.EclipseLogger - Using 'UTF-8' encoding to copy filtered resources.
2023-01-03 09:19:07,882 [Worker-13: Building] INFO  o.e.m.c.i.embedder.EclipseLogger - skip non existing resourceDirectory D:\Selenium_Workspace\FreeCrmTest\src\test\resources
2023-01-03 09:19:07,983 [Worker-13: Building] INFO  o.e.m.c.i.embedder.EclipseLogger - Using 'UTF-8' encoding to copy filtered resources.
2023-01-03 09:19:07,985 [Worker-13: Building] INFO  o.e.m.c.i.embedder.EclipseLogger - skip non existing resourceDirectory D:\Selenium_Workspace\MyMavenProject\src\main\resources
2023-01-03 09:19:07,985 [Worker-13: Building] INFO  o.e.m.c.i.embedder.EclipseLogger - Using 'UTF-8' encoding to copy filtered resources.
2023-01-03 09:19:07,985 [Worker-13: Building] INFO  o.e.m.c.i.embedder.EclipseLogger - skip non existing resourceDirectory D:\Selenium_Workspace\MyMavenProject\src\test\resources
2023-01-03 09:19:08,264 [Worker-13: Building] INFO  o.e.m.c.i.embedder.EclipseLogger - Using 'UTF-8' encoding to copy filtered resources.
2023-01-03 09:19:08,265 [Worker-13: Building] INFO  o.e.m.c.i.embedder.EclipseLogger - skip non existing resourceDirectory D:\Selenium_Workspace\SeleniumFrameworkDesign\src\main\resources
2023-01-03 09:19:08,266 [Worker-13: Building] INFO  o.e.m.c.i.embedder.EclipseLogger - Using 'UTF-8' encoding to copy filtered resources.
2023-01-03 09:19:08,266 [Worker-13: Building] INFO  o.e.m.c.i.embedder.EclipseLogger - skip non existing resourceDirectory D:\Selenium_Workspace\SeleniumFrameworkDesign\src\test\resources
2023-01-03 09:20:22,879 [Worker-45: Building] INFO  o.e.m.c.i.embedder.EclipseLogger - Using 'UTF-8' encoding to copy filtered resources.
2023-01-03 09:20:22,879 [Worker-45: Building] INFO  o.e.m.c.i.embedder.EclipseLogger - skip non existing resourceDirectory C:\Users\Keyur\Dropbox\My PC (LAPTOP-47V8HSKJ)\Desktop\JCA TECH\src\main\resources
2023-01-03 09:20:22,881 [Worker-45: Building] INFO  o.e.m.c.i.embedder.EclipseLogger - Using 'UTF-8' encoding to copy filtered resources.
2023-01-03 09:20:22,881 [Worker-45: Building] INFO  o.e.m.c.i.embedder.EclipseLogger - skip non existing resourceDirectory C:\Users\Keyur\Dropbox\My PC (LAPTOP-47V8HSKJ)\Desktop\JCA TECH\src\test\resources
2023-01-03 09:20:23,023 [Worker-45: Building] WARN  o.e.m.c.i.embedder.EclipseLogger - Using platform encoding (Cp1252 actually) to copy filtered resources, i.e. build is platform dependent!
2023-01-03 09:20:23,025 [Worker-45: Building] INFO  o.e.m.c.i.embedder.EclipseLogger - Copying 0 resource
2023-01-03 09:20:23,026 [Worker-45: Building] WARN  o.e.m.c.i.embedder.EclipseLogger - Using platform encoding (Cp1252 actually) to copy filtered resources, i.e. build is platform dependent!
2023-01-03 09:20:23,027 [Worker-45: Building] INFO  o.e.m.c.i.embedder.EclipseLogger - skip non existing resourceDirectory D:\Selenium_Workspace\FacebookTest\src\test\resources
2023-01-03 09:20:23,191 [Worker-45: Building] INFO  o.e.m.c.i.embedder.EclipseLogger - Using 'UTF-8' encoding to copy filtered resources.
2023-01-03 09:20:23,191 [Worker-45: Building] INFO  o.e.m.c.i.embedder.EclipseLogger - skip non existing resourceDirectory D:\Selenium_Workspace\FreeCRMTest_1\src\main\resources
2023-01-03 09:20:23,192 [Worker-45: Building] INFO  o.e.m.c.i.embedder.EclipseLogger - Using 'UTF-8' encoding to copy filtered resources.
2023-01-03 09:20:23,193 [Worker-45: Building] INFO  o.e.m.c.i.embedder.EclipseLogger - skip non existing resourceDirectory D:\Selenium_Workspace\FreeCRMTest_1\src\test\resources
2023-01-03 09:20:23,345 [Worker-45: Building] INFO  o.e.m.c.i.embedder.EclipseLogger - Using 'UTF-8' encoding to copy filtered resources.
2023-01-03 09:20:23,345 [Worker-45: Building] INFO  o.e.m.c.i.embedder.EclipseLogger - Copying 0 resource
2023-01-03 09:20:23,347 [Worker-45: Building] INFO  o.e.m.c.i.embedder.EclipseLogger - Using 'UTF-8' encoding to copy filtered resources.
2023-01-03 09:20:23,347 [Worker-45: Building] INFO  o.e.m.c.i.embedder.EclipseLogger - skip non existing resourceDirectory D:\Selenium_Workspace\FreeCrmTest\src\test\resources
2023-01-03 09:20:23,437 [Worker-45: Building] INFO  o.e.m.c.i.embedder.EclipseLogger - Using 'UTF-8' encoding to copy filtered resources.
2023-01-03 09:20:23,437 [Worker-45: Building] INFO  o.e.m.c.i.embedder.EclipseLogger - skip non existing resourceDirectory D:\Selenium_Workspace\MyMavenProject\src\main\resources
2023-01-03 09:20:23,438 [Worker-45: Building] INFO  o.e.m.c.i.embedder.EclipseLogger - Using 'UTF-8' encoding to copy filtered resources.
2023-01-03 09:20:23,438 [Worker-45: Building] INFO  o.e.m.c.i.embedder.EclipseLogger - skip non existing resourceDirectory D:\Selenium_Workspace\MyMavenProject\src\test\resources
2023-01-03 09:20:23,659 [Worker-45: Building] INFO  o.e.m.c.i.embedder.EclipseLogger - Using 'UTF-8' encoding to copy filtered resources.
2023-01-03 09:20:23,659 [Worker-45: Building] INFO  o.e.m.c.i.embedder.EclipseLogger - skip non existing resourceDirectory D:\Selenium_Workspace\SeleniumFrameworkDesign\src\main\resources
2023-01-03 09:20:23,661 [Worker-45: Building] INFO  o.e.m.c.i.embedder.EclipseLogger - Using 'UTF-8' encoding to copy filtered resources.
2023-01-03 09:20:23,662 [Worker-45: Building] INFO  o.e.m.c.i.embedder.EclipseLogger - skip non existing resourceDirectory D:\Selenium_Workspace\SeleniumFrameworkDesign\src\test\resources
2023-01-03 09:20:23,891 [Worker-45: Building] INFO  o.e.m.c.i.embedder.EclipseLogger - Using 'UTF-8' encoding to copy filtered resources.
2023-01-03 09:20:23,891 [Worker-45: Building] INFO  o.e.m.c.i.embedder.EclipseLogger - skip non existing resourceDirectory D:\Selenium_Workspace\CucumberProjectBatch64\src\src\main\resources
2023-01-03 09:20:23,892 [Worker-45: Building] INFO  o.e.m.c.i.embedder.EclipseLogger - Using 'UTF-8' encoding to copy filtered resources.
2023-01-03 09:20:23,892 [Worker-45: Building] INFO  o.e.m.c.i.embedder.EclipseLogger - skip non existing resourceDirectory D:\Selenium_Workspace\CucumberProjectBatch64\src\src\test\resources
2023-01-03 09:25:11,241 [Worker-32: Building] INFO  o.e.m.c.i.embedder.EclipseLogger - Using 'UTF-8' encoding to copy filtered resources.
2023-01-03 09:25:11,241 [Worker-32: Building] INFO  o.e.m.c.i.embedder.EclipseLogger - Copying 0 resource
2023-01-03 09:25:11,242 [Worker-32: Building] INFO  o.e.m.c.i.embedder.EclipseLogger - Using 'UTF-8' encoding to copy filtered resources.
2023-01-03 09:25:11,242 [Worker-32: Building] INFO  o.e.m.c.i.embedder.EclipseLogger - skip non existing resourceDirectory D:\Selenium_Workspace\FreeCrmTest\src\test\resources
2023-01-03 09:25:46,383 [Worker-14: Building] INFO  o.e.m.c.i.embedder.EclipseLogger - Using 'UTF-8' encoding to copy filtered resources.
2023-01-03 09:25:46,383 [Worker-14: Building] INFO  o.e.m.c.i.embedder.EclipseLogger - Copying 0 resource
2023-01-03 09:25:46,384 [Worker-14: Building] INFO  o.e.m.c.i.embedder.EclipseLogger - Using 'UTF-8' encoding to copy filtered resources.
2023-01-03 09:25:46,384 [Worker-14: Building] INFO  o.e.m.c.i.embedder.EclipseLogger - skip non existing resourceDirectory D:\Selenium_Workspace\FreeCrmTest\src\test\resources
2023-01-03 09:28:17,975 [Worker-0: Loading available Gradle versions] INFO  o.e.b.c.i.u.g.PublishedGradleVersions - Gradle version information cache is up-to-date. Trying to read.
2023-01-03 09:29:24,650 [Worker-1: Loading available Gradle versions] INFO  o.e.b.c.i.u.g.PublishedGradleVersions - Gradle version information cache is up-to-date. Trying to read.
